# JRE version: OpenJDK Runtime Environment Temurin-21.0.10+7 (21.0.10+7) (build 21.0.10+7-LTS)
# Java VM: OpenJDK 64-Bit Server VM Temurin-21.0.10+7 (21.0.10+7-LTS, mixed mode, sharing, tiered, compressed oops, compressed class ptrs, parallel gc, windows-amd64)
GC Precious Log:
 CardTable entry size: 512
 CPUs: 4 total, 4 available
 Memory: 3470M
 Large Page Support: Disabled
 NUMA Support: Disabled
 Compressed Oops: Enabled (32-bit)
 Alignments: Space 512K, Generation 512K, Heap 2M
 Heap Min Capacity: 100M
 Heap Initial Capacity: 100M
 Heap Max Capacity: 2G
 Pre-touch: Disabled
 Parallel Workers: 4
Heap:
 PSYoungGen      total 14336K, used 4790K [0x00000000d5580000, 0x00000000d6c80000, 0x0000000100000000)
  eden space 13824K, 30% used [0x00000000d5580000,0x00000000d59ad9d8,0x00000000d6300000)
  from space 512K, 100% used [0x00000000d6c00000,0x00000000d6c80000,0x00000000d6c80000)
  to   space 3584K, 0% used [0x00000000d6580000,0x00000000d6580000,0x00000000d6900000)
 ParOldGen       total 411136K, used 184642K [0x0000000080000000, 0x0000000099180000, 0x00000000d5580000)
  object space 411136K, 44% used [0x0000000080000000,0x000000008b450b98,0x0000000099180000)
 Metaspace       used 63655K, committed 65024K, reserved 1114112K
  class space    used 6796K, committed 7424K, reserved 1048576K
GC Heap History (20 events):
Event: 170.618 GC heap before
{Heap before GC invocations=358 (full 2):
 PSYoungGen      total 20992K, used 20978K [0x00000000d5580000, 0x00000000d7d00000, 0x0000000100000000)
  eden space 13824K, 100% used [0x00000000d5580000,0x00000000d6300000,0x00000000d6300000)
  from space 7168K, 99% used [0x00000000d6500000,0x00000000d6bfcb40,0x00000000d6c00000)
  to   space 13312K, 0% used [0x00000000d7000000,0x00000000d7000000,0x00000000d7d00000)
 ParOldGen       total 396800K, used 396290K [0x0000000080000000, 0x0000000098380000, 0x00000000d5580000)
  object space 396800K, 99% used [0x0000000080000000,0x00000000983008b8,0x0000000098380000)
 Metaspace       used 57856K, committed 59136K, reserved 1114112K
  class space    used 6273K, committed 6848K, reserved 1048576K
}
Event: 170.651 GC heap after
{Heap after GC invocations=358 (full 2):
 PSYoungGen      total 21504K, used 7455K [0x00000000d5580000, 0x00000000d7780000, 0x0000000100000000)
  eden space 13824K, 0% used [0x00000000d5580000,0x00000000d5580000,0x00000000d6300000)
  from space 7680K, 97% used [0x00000000d7000000,0x00000000d7747da0,0x00000000d7780000)
  to   space 9216K, 0% used [0x00000000d6580000,0x00000000d6580000,0x00000000d6e80000)
 ParOldGen       total 403456K, used 403353K [0x0000000080000000, 0x0000000098a00000, 0x00000000d5580000)
  object space 403456K, 99% used [0x0000000080000000,0x00000000989e66c8,0x0000000098a00000)
 Metaspace       used 57856K, committed 59136K, reserved 1114112K
  class space    used 6273K, committed 6848K, reserved 1048576K
}
Event: 172.021 GC heap before
{Heap before GC invocations=359 (full 2):
 PSYoungGen      total 21504K, used 21241K [0x00000000d5580000, 0x00000000d7780000, 0x0000000100000000)
  eden space 13824K, 99% used [0x00000000d5580000,0x00000000d62f66b8,0x00000000d6300000)
  from space 7680K, 97% used [0x00000000d7000000,0x00000000d7747da0,0x00000000d7780000)
  to   space 9216K, 0% used [0x00000000d6580000,0x00000000d6580000,0x00000000d6e80000)
 ParOldGen       total 403456K, used 403353K [0x0000000080000000, 0x0000000098a00000, 0x00000000d5580000)
  object space 403456K, 99% used [0x0000000080000000,0x00000000989e66c8,0x0000000098a00000)
 Metaspace       used 58429K, committed 59648K, reserved 1114112K
  class space    used 6371K, committed 6912K, reserved 1048576K
}
Event: 172.032 GC heap after
{Heap after GC invocations=359 (full 2):
 PSYoungGen      total 14336K, used 264K [0x00000000d5580000, 0x00000000d7080000, 0x0000000100000000)
  eden space 13824K, 0% used [0x00000000d5580000,0x00000000d5580000,0x00000000d6300000)
  from space 512K, 51% used [0x00000000d6580000,0x00000000d65c22a0,0x00000000d6600000)
  to   space 3584K, 0% used [0x00000000d6d00000,0x00000000d6d00000,0x00000000d7080000)
 ParOldGen       total 411136K, used 410655K [0x0000000080000000, 0x0000000099180000, 0x00000000d5580000)
  object space 411136K, 99% used [0x0000000080000000,0x0000000099107df0,0x0000000099180000)
 Metaspace       used 58429K, committed 59648K, reserved 1114112K
  class space    used 6371K, committed 6912K, reserved 1048576K
}
Event: 172.180 GC heap before
{Heap before GC invocations=360 (full 2):
 PSYoungGen      total 14336K, used 1146K [0x00000000d5580000, 0x00000000d7080000, 0x0000000100000000)
  eden space 13824K, 6% used [0x00000000d5580000,0x00000000d565c740,0x00000000d6300000)
  from space 512K, 51% used [0x00000000d6580000,0x00000000d65c22a0,0x00000000d6600000)
  to   space 3584K, 0% used [0x00000000d6d00000,0x00000000d6d00000,0x00000000d7080000)
 ParOldGen       total 411136K, used 410655K [0x0000000080000000, 0x0000000099180000, 0x00000000d5580000)
  object space 411136K, 99% used [0x0000000080000000,0x0000000099107df0,0x0000000099180000)
 Metaspace       used 58525K, committed 59776K, reserved 1114112K
  class space    used 6376K, committed 6912K, reserved 1048576K
}
Event: 172.184 GC heap after
{Heap after GC invocations=360 (full 2):
 PSYoungGen      total 14336K, used 128K [0x00000000d5580000, 0x00000000d6d80000, 0x0000000100000000)
  eden space 13824K, 0% used [0x00000000d5580000,0x00000000d5580000,0x00000000d6300000)
  from space 512K, 25% used [0x00000000d6d00000,0x00000000d6d20000,0x00000000d6d80000)
  to   space 1024K, 0% used [0x00000000d6b80000,0x00000000d6b80000,0x00000000d6c80000)
 ParOldGen       total 411136K, used 410823K [0x0000000080000000, 0x0000000099180000, 0x00000000d5580000)
  object space 411136K, 99% used [0x0000000080000000,0x0000000099131df0,0x0000000099180000)
 Metaspace       used 58525K, committed 59776K, reserved 1114112K
  class space    used 6376K, committed 6912K, reserved 1048576K
}
Event: 172.184 GC heap before
{Heap before GC invocations=361 (full 3):
 PSYoungGen      total 14336K, used 128K [0x00000000d5580000, 0x00000000d6d80000, 0x0000000100000000)
  eden space 13824K, 0% used [0x00000000d5580000,0x00000000d5580000,0x00000000d6300000)
  from space 512K, 25% used [0x00000000d6d00000,0x00000000d6d20000,0x00000000d6d80000)
  to   space 1024K, 0% used [0x00000000d6b80000,0x00000000d6b80000,0x00000000d6c80000)
 ParOldGen       total 411136K, used 410823K [0x0000000080000000, 0x0000000099180000, 0x00000000d5580000)
  object space 411136K, 99% used [0x0000000080000000,0x0000000099131df0,0x0000000099180000)
 Metaspace       used 58525K, committed 59776K, reserved 1114112K
  class space    used 6376K, committed 6912K, reserved 1048576K
}
Event: 175.176 GC heap after
{Heap after GC invocations=361 (full 3):
 PSYoungGen      total 14336K, used 0K [0x00000000d5580000, 0x00000000d6d80000, 0x0000000100000000)
  eden space 13824K, 0% used [0x00000000d5580000,0x00000000d5580000,0x00000000d6300000)
  from space 512K, 0% used [0x00000000d6d00000,0x00000000d6d00000,0x00000000d6d80000)
  to   space 1024K, 0% used [0x00000000d6b80000,0x00000000d6b80000,0x00000000d6c80000)
 ParOldGen       total 411136K, used 180016K [0x0000000080000000, 0x0000000099180000, 0x00000000d5580000)
  object space 411136K, 43% used [0x0000000080000000,0x000000008afcc3f0,0x0000000099180000)
 Metaspace       used 58525K, committed 59776K, reserved 1114112K
  class space    used 6376K, committed 6912K, reserved 1048576K
}
Event: 177.183 GC heap before
{Heap before GC invocations=362 (full 3):
 PSYoungGen      total 14336K, used 13806K [0x00000000d5580000, 0x00000000d6d80000, 0x0000000100000000)
  eden space 13824K, 99% used [0x00000000d5580000,0x00000000d62fbbd8,0x00000000d6300000)
  from space 512K, 0% used [0x00000000d6d00000,0x00000000d6d00000,0x00000000d6d80000)
  to   space 1024K, 0% used [0x00000000d6b80000,0x00000000d6b80000,0x00000000d6c80000)
 ParOldGen       total 411136K, used 180016K [0x0000000080000000, 0x0000000099180000, 0x00000000d5580000)
  object space 411136K, 43% used [0x0000000080000000,0x000000008afcc3f0,0x0000000099180000)
 Metaspace       used 59779K, committed 61056K, reserved 1114112K
  class space    used 6475K, committed 7040K, reserved 1048576K
}
Event: 177.188 GC heap after
{Heap after GC invocations=362 (full 3):
 PSYoungGen      total 14848K, used 288K [0x00000000d5580000, 0x00000000d6d80000, 0x0000000100000000)
  eden space 13824K, 0% used [0x00000000d5580000,0x00000000d5580000,0x00000000d6300000)
  from space 1024K, 28% used [0x00000000d6b80000,0x00000000d6bc8000,0x00000000d6c80000)
  to   space 512K, 0% used [0x00000000d6d00000,0x00000000d6d00000,0x00000000d6d80000)
 ParOldGen       total 411136K, used 180024K [0x0000000080000000, 0x0000000099180000, 0x00000000d5580000)
  object space 411136K, 43% used [0x0000000080000000,0x000000008afce3f0,0x0000000099180000)
 Metaspace       used 59779K, committed 61056K, reserved 1114112K
  class space    used 6475K, committed 7040K, reserved 1048576K
}
Event: 177.462 GC heap before
{Heap before GC invocations=363 (full 3):
 PSYoungGen      total 14848K, used 14112K [0x00000000d5580000, 0x00000000d6d80000, 0x0000000100000000)
  eden space 13824K, 100% used [0x00000000d5580000,0x00000000d6300000,0x00000000d6300000)
  from space 1024K, 28% used [0x00000000d6b80000,0x00000000d6bc8000,0x00000000d6c80000)
  to   space 512K, 0% used [0x00000000d6d00000,0x00000000d6d00000,0x00000000d6d80000)
 ParOldGen       total 411136K, used 180024K [0x0000000080000000, 0x0000000099180000, 0x00000000d5580000)
  object space 411136K, 43% used [0x0000000080000000,0x000000008afce3f0,0x0000000099180000)
 Metaspace       used 59808K, committed 61056K, reserved 1114112K
  class space    used 6475K, committed 7040K, reserved 1048576K
}
Event: 177.466 GC heap after
{Heap after GC invocations=363 (full 3):
 PSYoungGen      total 14336K, used 496K [0x00000000d5580000, 0x00000000d6d80000, 0x0000000100000000)
  eden space 13824K, 0% used [0x00000000d5580000,0x00000000d5580000,0x00000000d6300000)
  from space 512K, 96% used [0x00000000d6d00000,0x00000000d6d7c238,0x00000000d6d80000)
  to   space 1536K, 0% used [0x00000000d6a80000,0x00000000d6a80000,0x00000000d6c00000)
 ParOldGen       total 411136K, used 180797K [0x0000000080000000, 0x0000000099180000, 0x00000000d5580000)
  object space 411136K, 43% used [0x0000000080000000,0x000000008b08f6e8,0x0000000099180000)
 Metaspace       used 59808K, committed 61056K, reserved 1114112K
  class space    used 6475K, committed 7040K, reserved 1048576K
}
Event: 177.677 GC heap before
{Heap before GC invocations=364 (full 3):
 PSYoungGen      total 14336K, used 14320K [0x00000000d5580000, 0x00000000d6d80000, 0x0000000100000000)
  eden space 13824K, 100% used [0x00000000d5580000,0x00000000d6300000,0x00000000d6300000)
  from space 512K, 96% used [0x00000000d6d00000,0x00000000d6d7c238,0x00000000d6d80000)
  to   space 1536K, 0% used [0x00000000d6a80000,0x00000000d6a80000,0x00000000d6c00000)
 ParOldGen       total 411136K, used 180797K [0x0000000080000000, 0x0000000099180000, 0x00000000d5580000)
  object space 411136K, 43% used [0x0000000080000000,0x000000008b08f6e8,0x0000000099180000)
 Metaspace       used 59815K, committed 61056K, reserved 1114112K
  class space    used 6475K, committed 7040K, reserved 1048576K
}
Event: 177.683 GC heap after
{Heap after GC invocations=364 (full 3):
 PSYoungGen      total 15360K, used 957K [0x00000000d5580000, 0x00000000d6d80000, 0x0000000100000000)
  eden space 13824K, 0% used [0x00000000d5580000,0x00000000d5580000,0x00000000d6300000)
  from space 1536K, 62% used [0x00000000d6a80000,0x00000000d6b6f438,0x00000000d6c00000)
  to   space 1536K, 0% used [0x00000000d6c00000,0x00000000d6c00000,0x00000000d6d80000)
 ParOldGen       total 411136K, used 181100K [0x0000000080000000, 0x0000000099180000, 0x00000000d5580000)
  object space 411136K, 44% used [0x0000000080000000,0x000000008b0db210,0x0000000099180000)
 Metaspace       used 59815K, committed 61056K, reserved 1114112K
  class space    used 6475K, committed 7040K, reserved 1048576K
}
Event: 178.729 GC heap before
{Heap before GC invocations=365 (full 3):
 PSYoungGen      total 15360K, used 14781K [0x00000000d5580000, 0x00000000d6d80000, 0x0000000100000000)
  eden space 13824K, 100% used [0x00000000d5580000,0x00000000d6300000,0x00000000d6300000)
  from space 1536K, 62% used [0x00000000d6a80000,0x00000000d6b6f438,0x00000000d6c00000)
  to   space 1536K, 0% used [0x00000000d6c00000,0x00000000d6c00000,0x00000000d6d80000)
 ParOldGen       total 411136K, used 181100K [0x0000000080000000, 0x0000000099180000, 0x00000000d5580000)
  object space 411136K, 44% used [0x0000000080000000,0x000000008b0db210,0x0000000099180000)
 Metaspace       used 61026K, committed 62336K, reserved 1114112K
  class space    used 6584K, committed 7168K, reserved 1048576K
}
Event: 178.735 GC heap after
{Heap after GC invocations=365 (full 3):
 PSYoungGen      total 14336K, used 192K [0x00000000d5580000, 0x00000000d6c80000, 0x0000000100000000)
  eden space 13824K, 0% used [0x00000000d5580000,0x00000000d5580000,0x00000000d6300000)
  from space 512K, 37% used [0x00000000d6c00000,0x00000000d6c30000,0x00000000d6c80000)
  to   space 512K, 0% used [0x00000000d6b80000,0x00000000d6b80000,0x00000000d6c00000)
 ParOldGen       total 411136K, used 181396K [0x0000000080000000, 0x0000000099180000, 0x00000000d5580000)
  object space 411136K, 44% used [0x0000000080000000,0x000000008b125210,0x0000000099180000)
 Metaspace       used 61026K, committed 62336K, reserved 1114112K
  class space    used 6584K, committed 7168K, reserved 1048576K
}
Event: 185.686 GC heap before
{Heap before GC invocations=366 (full 3):
 PSYoungGen      total 14336K, used 14016K [0x00000000d5580000, 0x00000000d6c80000, 0x0000000100000000)
  eden space 13824K, 100% used [0x00000000d5580000,0x00000000d6300000,0x00000000d6300000)
  from space 512K, 37% used [0x00000000d6c00000,0x00000000d6c30000,0x00000000d6c80000)
  to   space 512K, 0% used [0x00000000d6b80000,0x00000000d6b80000,0x00000000d6c00000)
 ParOldGen       total 411136K, used 181396K [0x0000000080000000, 0x0000000099180000, 0x00000000d5580000)
  object space 411136K, 44% used [0x0000000080000000,0x000000008b125210,0x0000000099180000)
 Metaspace       used 62617K, committed 63936K, reserved 1114112K
  class space    used 6713K, committed 7296K, reserved 1048576K
}
Event: 185.695 GC heap after
{Heap after GC invocations=366 (full 3):
 PSYoungGen      total 14336K, used 482K [0x00000000d5580000, 0x00000000d6c80000, 0x0000000100000000)
  eden space 13824K, 0% used [0x00000000d5580000,0x00000000d5580000,0x00000000d6300000)
  from space 512K, 94% used [0x00000000d6b80000,0x00000000d6bf8830,0x00000000d6c00000)
  to   space 512K, 0% used [0x00000000d6c00000,0x00000000d6c00000,0x00000000d6c80000)
 ParOldGen       total 411136K, used 182322K [0x0000000080000000, 0x0000000099180000, 0x00000000d5580000)
  object space 411136K, 44% used [0x0000000080000000,0x000000008b20cae0,0x0000000099180000)
 Metaspace       used 62617K, committed 63936K, reserved 1114112K
  class space    used 6713K, committed 7296K, reserved 1048576K
}
Event: 191.099 GC heap before
{Heap before GC invocations=367 (full 3):
 PSYoungGen      total 14336K, used 14306K [0x00000000d5580000, 0x00000000d6c80000, 0x0000000100000000)
  eden space 13824K, 100% used [0x00000000d5580000,0x00000000d6300000,0x00000000d6300000)
  from space 512K, 94% used [0x00000000d6b80000,0x00000000d6bf8830,0x00000000d6c00000)
  to   space 512K, 0% used [0x00000000d6c00000,0x00000000d6c00000,0x00000000d6c80000)
 ParOldGen       total 411136K, used 182322K [0x0000000080000000, 0x0000000099180000, 0x00000000d5580000)
  object space 411136K, 44% used [0x0000000080000000,0x000000008b20cae0,0x0000000099180000)
 Metaspace       used 63524K, committed 64832K, reserved 1114112K
  class space    used 6776K, committed 7360K, reserved 1048576K
}
Event: 191.135 GC heap after
{Heap after GC invocations=367 (full 3):
 PSYoungGen      total 14336K, used 512K [0x00000000d5580000, 0x00000000d6c80000, 0x0000000100000000)
  eden space 13824K, 0% used [0x00000000d5580000,0x00000000d5580000,0x00000000d6300000)
  from space 512K, 100% used [0x00000000d6c00000,0x00000000d6c80000,0x00000000d6c80000)
  to   space 3584K, 0% used [0x00000000d6580000,0x00000000d6580000,0x00000000d6900000)
 ParOldGen       total 411136K, used 184642K [0x0000000080000000, 0x0000000099180000, 0x00000000d5580000)
  object space 411136K, 44% used [0x0000000080000000,0x000000008b450b98,0x0000000099180000)
 Metaspace       used 63524K, committed 64832K, reserved 1114112K
  class space    used 6776K, committed 7360K, reserved 1048576K
}

